<?xml version="1.0" encoding="UTF-8"?>
<testng-results ignored="0" total="1" passed="1" failed="0" skipped="0">
  <reporter-output>
  </reporter-output>
  <suite started-at="2024-10-11T20:31:38 IST" name="Default suite" finished-at="2024-10-11T20:32:12 IST" duration-ms="34315">
    <groups>
    </groups>
    <test started-at="2024-10-11T20:31:38 IST" name="Default test" finished-at="2024-10-11T20:32:12 IST" duration-ms="34315">
      <class name="sauce_testpkg.Saucedemotest">
        <test-method is-config="true" signature="setUp()[pri:0, instance:sauce_testpkg.Saucedemotest@1750fbeb]" started-at="2024-10-11T20:31:38 IST" name="setUp" finished-at="2024-10-11T20:31:45 IST" duration-ms="6547" status="PASS">
          <reporter-output>
          </reporter-output>
        </test-method> <!-- setUp -->
        <test-method signature="verifyLogin()[pri:0, instance:sauce_testpkg.Saucedemotest@1750fbeb]" started-at="2024-10-11T20:31:45 IST" name="verifyLogin" finished-at="2024-10-11T20:32:12 IST" duration-ms="27293" status="PASS">
          <reporter-output>
          </reporter-output>
        </test-method> <!-- verifyLogin -->
        <test-method is-config="true" signature="teardown()[pri:0, instance:sauce_testpkg.Saucedemotest@1750fbeb]" started-at="2024-10-11T20:32:12 IST" name="teardown" finished-at="2024-10-11T20:32:12 IST" duration-ms="400" status="PASS">
          <reporter-output>
          </reporter-output>
        </test-method> <!-- teardown -->
        <test-method is-config="true" signature="postCondition()[pri:0, instance:sauce_testpkg.Saucedemotest@1750fbeb]" started-at="2024-10-11T20:32:12 IST" name="postCondition" finished-at="2024-10-11T20:32:12 IST" depends-on-methods="sauce_testpkg.Saucedemotest.teardown" duration-ms="2" status="PASS">
          <reporter-output>
          </reporter-output>
        </test-method> <!-- postCondition -->
      </class> <!-- sauce_testpkg.Saucedemotest -->
    </test> <!-- Default test -->
  </suite> <!-- Default suite -->
</testng-results>
